================================================================================
                    TEST ASSERTION FAILURES - ROOT CAUSE ANALYSIS
                              EXECUTIVE SUMMARY
================================================================================

INVESTIGATION SUMMARY
================================================================================

Analyzed failing test assertions in the Unicity CLI test suite.
Executed actual failing tests and examined outputs.
Identified root causes through trace analysis and JSON structure verification.

Test Status: 10/28 passing (35%), 18/28 failing (65%)


KEY FINDINGS
================================================================================

ROOT CAUSE #1: coinData Array Structure Mismatch
  Severity: HIGH
  Affected Tests: 6-8 tests (MINT_TOKEN-005, -006, -007, -012, -015, -017, -019, -027, -028)

  ISSUE: Tests expect coinData as object with .amount field
         SDK produces coinData as array of arrays [[coinId, amount]]

  EVIDENCE:
    - Test tries: .genesis.data.coinData[0].amount
    - Actual JSON: coinData[0] = ["abc123", "1500000000000000000"]
    - Error: "Cannot index array with string 'amount'"

  FIX: Change jq path from [0].amount to [0][1]
  FILES: /home/vrogojin/cli/tests/functional/test_mint_token.bats (lines 134, 153, ...)


ROOT CAUSE #2: Token Data Hex Decoding Missing
  Severity: MEDIUM
  Affected Tests: 2-3 tests (MINT_TOKEN-002, -020, others)

  ISSUE: get_token_data() returns raw hex instead of decoded JSON
         Tests cannot verify content (e.g., "Test NFT") in hex string

  EVIDENCE:
    - Hex: 7b226e616d65223a2254657374204e4654...
    - Expected decoded: {"name":"Test NFT",...}
    - Test assertion fails because hex doesn't contain "Test NFT"

  FIX: Add hex-to-ASCII decoder using: printf '%b' "$(printf '%s' <hex> | sed 's/../\\x&/g')"
  FILES: /home/vrogojin/cli/tests/helpers/assertions.bash (line ~1619)


ROOT CAUSE #3: Version Field Extraction
  Severity: LOW
  Status: FIXED (MINT_TOKEN-001 now passes)

  Previously failed due to field path issues, now resolved.


IMPACT ASSESSMENT
================================================================================

Current State:
  - 18 tests failing (65%)
  - 10 tests passing (35%)

After Fixes:
  - Estimated 14-16 tests passing (50-57%)
  - Remaining failures are unrelated issues
  - High confidence in fix effectiveness

Benefits:
  - Improved test pass rate
  - Better error detection
  - Foundation for remaining tests


REQUIRED CHANGES
================================================================================

Change #1: Fix coinData Paths
  File: /home/vrogojin/cli/tests/functional/test_mint_token.bats
  Lines: 134, 153, (+ others with .coinData[0].amount)
  Action: Replace ".amount" with "[1]"
  Example:
    BEFORE: actual_amount=$(~/.local/bin/jq -r '.genesis.data.coinData[0].amount' token.txf)
    AFTER:  actual_amount=$(~/.local/bin/jq -r '.genesis.data.coinData[0][1]' token.txf)


Change #2: Add Hex Decoding
  File: /home/vrogojin/cli/tests/helpers/assertions.bash
  Location: get_token_data() function (line ~1619)
  Action: Add decoding logic
  Code:
    # Decode hex to ASCII
    printf '%b' "$(printf '%s' "$hex_data" | sed 's/../\\x&/g')"


DOCUMENTATION PROVIDED
================================================================================

Four detailed analysis documents have been created:

1. DEBUG_REPORT.md (detailed technical analysis)
   - Complete investigation walkthrough
   - Evidence and root cause tracing
   - Prevention recommendations

2. DEBUGGING_FINDINGS.md (comprehensive issue details)
   - Issue descriptions with evidence
   - Test execution summary
   - Code samples for fixes

3. ROOT_CAUSE_SUMMARY.md (reference guide)
   - Quick summary of issues
   - Implementation plan
   - Verification procedures

4. EXACT_FIXES_NEEDED.md (line-by-line changes)
   - Exact code changes required
   - Search commands to find all occurrences
   - Testing and validation steps


EVIDENCE SUPPORTING CONCLUSIONS
================================================================================

coinData Structure - Direct from Test Output:
  {
    "genesis": {
      "data": {
        "coinData": [
          [
            "621df3f493450209967ef0b5ad7d6e4de65cf6aa6a9a4e8a6fc8121751eb539b",
            "1500000000000000000"
          ]
        ]
      }
    }
  }

Test Line 134 (FAILING):
  actual_amount=$(~/.local/bin/jq -r '.genesis.data.coinData[0].amount' token.txf)
  Error: jq: error (at token.txf:68): Cannot index array with string "amount"

Token Data - Direct from Test Output:
  "state": {
    "data": "7b226e616d65223a2254657374204e4654..."
  }

Decoded: {"name":"Test NFT","description":"Test Description",...}

Test Line 78 (FAILING):
  decoded_data=$(get_token_data "token.txf")
  assert_output_contains "Test NFT"
  Fails because hex string doesn't contain "Test NFT"


CONFIDENCE LEVEL
================================================================================

Issue Identification: VERY HIGH (95%+)
  - Evidence directly from test execution
  - JSON structure verified from actual test output
  - Error messages match expected root causes

Fix Effectiveness: VERY HIGH (90%+)
  - Fixes address direct causes
  - No complex dependencies
  - Changes are isolated and safe

Implementation Risk: VERY LOW
  - Minimal code changes (2-3 critical lines)
  - Backward compatible
  - Easy to validate
  - Simple rollback if needed


TESTING PLAN
================================================================================

Pre-Fixes:
  Command: npm test 2>&1 | grep -c "not ok"
  Current: ~18 failing tests

Post-Fixes:
  Command: npm test 2>&1 | grep -c "not ok"
  Expected: ~10-12 failing tests (remaining are separate issues)

Specific Tests to Verify:
  1. bats tests/functional/test_mint_token.bats --filter "MINT_TOKEN-005"
  2. bats tests/functional/test_mint_token.bats --filter "MINT_TOKEN-006"
  3. bats tests/functional/test_mint_token.bats --filter "MINT_TOKEN-002"


NEXT ACTIONS
================================================================================

Immediate (High Priority):
  1. Review EXACT_FIXES_NEEDED.md for specific changes
  2. Implement Change #1 (coinData paths) - 5 minutes
  3. Implement Change #2 (hex decoding) - 5 minutes
  4. Run affected tests to verify fixes
  5. Run full suite to check for regressions

Follow-up (Medium Priority):
  1. Identify remaining 10-12 failing tests
  2. Fix unrelated issues as needed
  3. Add helper functions for future test maintenance
  4. Document coinData structure in code comments

Long-term (Low Priority):
  1. Review other test files for same coinData issue
  2. Add comprehensive coinData tests
  3. Improve test helper documentation
  4. Consider SDK structure standardization


RISK MITIGATION
================================================================================

Risk: Incomplete fix discovery
  Mitigation: Run grep for all ".coinData[0].amount" occurrences

Risk: Hex decoding breaks other tests
  Mitigation: Test with empty string, test with non-JSON data

Risk: Regression in passing tests
  Mitigation: Run full test suite, check specific passing tests

Risk: File path issues return
  Mitigation: BATS test already verified relative paths work


CONCLUSION
================================================================================

Two clearly identified, easily fixable root causes found:

1. coinData array format mismatch (6-8 tests affected, ~5 min fix)
2. Token data hex decoding missing (2-3 tests affected, ~5 min fix)

All required changes are documented in accompanying analysis files.
Implementation is straightforward with minimal risk.
Estimated pass rate improvement: 35% â†’ 50-57%


FILES MODIFIED IN ANALYSIS
================================================================================

Created:
  - /home/vrogojin/cli/DEBUG_REPORT.md
  - /home/vrogojin/cli/DEBUGGING_FINDINGS.md
  - /home/vrogojin/cli/ROOT_CAUSE_SUMMARY.md
  - /home/vrogojin/cli/EXACT_FIXES_NEEDED.md
  - /home/vrogojin/cli/DEBUGGING_EXECUTIVE_SUMMARY.txt

To be modified:
  - /home/vrogojin/cli/tests/functional/test_mint_token.bats
  - /home/vrogojin/cli/tests/helpers/assertions.bash

================================================================================
                              END OF SUMMARY
================================================================================
